  [1m[35m (13.0ms)[0m  [1m[35mSET NAMES utf8,  @@SESSION.sql_mode = CONCAT(CONCAT(@@sql_mode, ',STRICT_ALL_TABLES'), ',NO_AUTO_VALUE_ON_ZERO'),  @@SESSION.sql_auto_is_null = 0, @@SESSION.wait_timeout = 2147483[0m
  ↳ /home/realterrific/.rbenv/versions/2.7.5/bin/rake:23
  [1m[35m (4.7ms)[0m  [1m[35mCREATE DATABASE `myapp_development` DEFAULT CHARACTER SET `utf8`[0m
  ↳ /home/realterrific/.rbenv/versions/2.7.5/bin/rake:23
  [1m[35m (1.6ms)[0m  [1m[35mSET NAMES utf8,  @@SESSION.sql_mode = CONCAT(CONCAT(@@sql_mode, ',STRICT_ALL_TABLES'), ',NO_AUTO_VALUE_ON_ZERO'),  @@SESSION.sql_auto_is_null = 0, @@SESSION.wait_timeout = 2147483[0m
  ↳ /home/realterrific/.rbenv/versions/2.7.5/bin/rake:23
  [1m[35m (1.0ms)[0m  [1m[35mCREATE DATABASE `myapp_test` DEFAULT CHARACTER SET `utf8`[0m
  ↳ /home/realterrific/.rbenv/versions/2.7.5/bin/rake:23
Started GET "/" for ::1 at 2022-03-07 16:30:26 -0500
  [1m[35m (0.7ms)[0m  [1m[35mSET NAMES utf8,  @@SESSION.sql_mode = CONCAT(CONCAT(@@sql_mode, ',STRICT_ALL_TABLES'), ',NO_AUTO_VALUE_ON_ZERO'),  @@SESSION.sql_auto_is_null = 0, @@SESSION.wait_timeout = 2147483[0m
  ↳ /home/realterrific/.rbenv/versions/2.7.5/lib/ruby/gems/2.7.0/gems/activerecord-5.2.6.2/lib/active_record/log_subscriber.rb:98
Processing by Rails::WelcomeController#index as HTML
  Rendering /home/realterrific/.rbenv/versions/2.7.5/lib/ruby/gems/2.7.0/gems/railties-5.2.6.2/lib/rails/templates/rails/welcome/index.html.erb
  Rendered /home/realterrific/.rbenv/versions/2.7.5/lib/ruby/gems/2.7.0/gems/railties-5.2.6.2/lib/rails/templates/rails/welcome/index.html.erb (1.6ms)
Completed 200 OK in 7ms (Views: 4.3ms | ActiveRecord: 0.0ms)


Started GET "/" for ::1 at 2022-03-08 09:36:28 -0500
  [1m[35m (3.4ms)[0m  [1m[35mSET NAMES utf8,  @@SESSION.sql_mode = CONCAT(CONCAT(@@sql_mode, ',STRICT_ALL_TABLES'), ',NO_AUTO_VALUE_ON_ZERO'),  @@SESSION.sql_auto_is_null = 0, @@SESSION.wait_timeout = 2147483[0m
  ↳ /home/realterrific/.rbenv/versions/2.7.5/lib/ruby/gems/2.7.0/gems/activerecord-5.2.6.2/lib/active_record/log_subscriber.rb:98
Processing by Rails::WelcomeController#index as HTML
  Rendering /home/realterrific/.rbenv/versions/2.7.5/lib/ruby/gems/2.7.0/gems/railties-5.2.6.2/lib/rails/templates/rails/welcome/index.html.erb
  Rendered /home/realterrific/.rbenv/versions/2.7.5/lib/ruby/gems/2.7.0/gems/railties-5.2.6.2/lib/rails/templates/rails/welcome/index.html.erb (3.0ms)
Completed 200 OK in 14ms (Views: 5.7ms | ActiveRecord: 0.0ms)


Started GET "/" for ::1 at 2022-03-08 11:49:16 -0500
  
Mysql2::Error::ConnectionError (Access denied for user 'realterrific'@'localhost' (using password: NO)):
  
mysql2 (0.5.3) lib/mysql2/client.rb:90:in `connect'
mysql2 (0.5.3) lib/mysql2/client.rb:90:in `initialize'
activerecord (5.2.6.2) lib/active_record/connection_adapters/mysql2_adapter.rb:22:in `new'
activerecord (5.2.6.2) lib/active_record/connection_adapters/mysql2_adapter.rb:22:in `mysql2_connection'
activerecord (5.2.6.2) lib/active_record/connection_adapters/abstract/connection_pool.rb:830:in `new_connection'
activerecord (5.2.6.2) lib/active_record/connection_adapters/abstract/connection_pool.rb:874:in `checkout_new_connection'
activerecord (5.2.6.2) lib/active_record/connection_adapters/abstract/connection_pool.rb:853:in `try_to_checkout_new_connection'
activerecord (5.2.6.2) lib/active_record/connection_adapters/abstract/connection_pool.rb:814:in `acquire_connection'
activerecord (5.2.6.2) lib/active_record/connection_adapters/abstract/connection_pool.rb:538:in `checkout'
activerecord (5.2.6.2) lib/active_record/connection_adapters/abstract/connection_pool.rb:382:in `connection'
activerecord (5.2.6.2) lib/active_record/connection_adapters/abstract/connection_pool.rb:1033:in `retrieve_connection'
activerecord (5.2.6.2) lib/active_record/connection_handling.rb:118:in `retrieve_connection'
activerecord (5.2.6.2) lib/active_record/connection_handling.rb:90:in `connection'
activerecord (5.2.6.2) lib/active_record/migration.rb:554:in `call'
actionpack (5.2.6.2) lib/action_dispatch/middleware/callbacks.rb:28:in `block in call'
activesupport (5.2.6.2) lib/active_support/callbacks.rb:98:in `run_callbacks'
actionpack (5.2.6.2) lib/action_dispatch/middleware/callbacks.rb:26:in `call'
actionpack (5.2.6.2) lib/action_dispatch/middleware/executor.rb:14:in `call'
actionpack (5.2.6.2) lib/action_dispatch/middleware/debug_exceptions.rb:61:in `call'
web-console (3.7.0) lib/web_console/middleware.rb:135:in `call_app'
web-console (3.7.0) lib/web_console/middleware.rb:30:in `block in call'
web-console (3.7.0) lib/web_console/middleware.rb:20:in `catch'
web-console (3.7.0) lib/web_console/middleware.rb:20:in `call'
actionpack (5.2.6.2) lib/action_dispatch/middleware/show_exceptions.rb:33:in `call'
railties (5.2.6.2) lib/rails/rack/logger.rb:38:in `call_app'
railties (5.2.6.2) lib/rails/rack/logger.rb:26:in `block in call'
activesupport (5.2.6.2) lib/active_support/tagged_logging.rb:71:in `block in tagged'
activesupport (5.2.6.2) lib/active_support/tagged_logging.rb:28:in `tagged'
activesupport (5.2.6.2) lib/active_support/tagged_logging.rb:71:in `tagged'
railties (5.2.6.2) lib/rails/rack/logger.rb:26:in `call'
sprockets-rails (3.4.2) lib/sprockets/rails/quiet_assets.rb:13:in `call'
actionpack (5.2.6.2) lib/action_dispatch/middleware/remote_ip.rb:81:in `call'
actionpack (5.2.6.2) lib/action_dispatch/middleware/request_id.rb:27:in `call'
rack (2.2.3) lib/rack/method_override.rb:24:in `call'
rack (2.2.3) lib/rack/runtime.rb:22:in `call'
activesupport (5.2.6.2) lib/active_support/cache/strategy/local_cache_middleware.rb:29:in `call'
actionpack (5.2.6.2) lib/action_dispatch/middleware/executor.rb:14:in `call'
actionpack (5.2.6.2) lib/action_dispatch/middleware/static.rb:127:in `call'
rack (2.2.3) lib/rack/sendfile.rb:110:in `call'
railties (5.2.6.2) lib/rails/engine.rb:524:in `call'
puma (3.12.6) lib/puma/configuration.rb:227:in `call'
puma (3.12.6) lib/puma/server.rb:706:in `handle_request'
puma (3.12.6) lib/puma/server.rb:476:in `process_client'
puma (3.12.6) lib/puma/server.rb:334:in `block in run'
puma (3.12.6) lib/puma/thread_pool.rb:135:in `block in spawn_thread'
Started GET "/" for ::1 at 2022-03-08 11:51:07 -0500
  [1m[35m (17.7ms)[0m  [1m[35mSET NAMES utf8,  @@SESSION.sql_mode = CONCAT(CONCAT(@@sql_mode, ',STRICT_ALL_TABLES'), ',NO_AUTO_VALUE_ON_ZERO'),  @@SESSION.sql_auto_is_null = 0, @@SESSION.wait_timeout = 2147483[0m
  ↳ /home/realterrific/.rbenv/versions/2.7.5/lib/ruby/gems/2.7.0/gems/activerecord-5.2.6.2/lib/active_record/log_subscriber.rb:98
Processing by Rails::WelcomeController#index as HTML
  Rendering /home/realterrific/.rbenv/versions/2.7.5/lib/ruby/gems/2.7.0/gems/railties-5.2.6.2/lib/rails/templates/rails/welcome/index.html.erb
  Rendered /home/realterrific/.rbenv/versions/2.7.5/lib/ruby/gems/2.7.0/gems/railties-5.2.6.2/lib/rails/templates/rails/welcome/index.html.erb (3.4ms)
Completed 200 OK in 12ms (Views: 5.7ms | ActiveRecord: 0.0ms)


  [1m[35m (2.3ms)[0m  [1m[35mSET NAMES utf8,  @@SESSION.sql_mode = CONCAT(CONCAT(@@sql_mode, ',STRICT_ALL_TABLES'), ',NO_AUTO_VALUE_ON_ZERO'),  @@SESSION.sql_auto_is_null = 0, @@SESSION.wait_timeout = 2147483[0m
  ↳ bin/rails:9
  [1m[35m (0.4ms)[0m  [1m[34mSELECT GET_LOCK('7864839756650184315', 0)[0m
  ↳ bin/rails:9
  [1m[35m (1.0ms)[0m  [1m[34mSELECT `schema_migrations`.`version` FROM `schema_migrations` ORDER BY `schema_migrations`.`version` ASC[0m
  ↳ bin/rails:9
  [1m[36mActiveRecord::InternalMetadata Load (16.2ms)[0m  [1m[34mSELECT  `ar_internal_metadata`.* FROM `ar_internal_metadata` WHERE `ar_internal_metadata`.`key` = 'environment' LIMIT 1[0m
  ↳ bin/rails:9
  [1m[35m (0.5ms)[0m  [1m[35mBEGIN[0m
  ↳ bin/rails:9
  [1m[35m (0.5ms)[0m  [1m[35mCOMMIT[0m
  ↳ bin/rails:9
  [1m[35m (0.5ms)[0m  [1m[34mSELECT RELEASE_LOCK('7864839756650184315')[0m
  ↳ bin/rails:9
  [1m[35m (0.9ms)[0m  [1m[34mSELECT `schema_migrations`.`version` FROM `schema_migrations` ORDER BY `schema_migrations`.`version` ASC[0m
  ↳ bin/rails:9
  [1m[35m (1.5ms)[0m  [1m[35mSET NAMES utf8,  @@SESSION.sql_mode = CONCAT(CONCAT(@@sql_mode, ',STRICT_ALL_TABLES'), ',NO_AUTO_VALUE_ON_ZERO'),  @@SESSION.sql_auto_is_null = 0, @@SESSION.wait_timeout = 2147483[0m
  ↳ bin/rails:9
  [1m[35m (0.4ms)[0m  [1m[34mSELECT GET_LOCK('7864839756650184315', 0)[0m
  ↳ bin/rails:9
  [1m[35m (0.9ms)[0m  [1m[34mSELECT `schema_migrations`.`version` FROM `schema_migrations` ORDER BY `schema_migrations`.`version` ASC[0m
  ↳ bin/rails:9
Migrating to CreateEmployees (20220309134108)
  [1m[35m (2.6ms)[0m  [1m[35mCREATE TABLE `employees` (`id` bigint NOT NULL AUTO_INCREMENT PRIMARY KEY, `user_id` varchar(255), `last_name` varchar(255), `first_name` varchar(255), `title` varchar(255), `created_at` datetime NOT NULL, `updated_at` datetime NOT NULL)[0m
  ↳ db/migrate/20220309134108_create_employees.rb:3
  [1m[35m (0.7ms)[0m  [1m[34mSELECT RELEASE_LOCK('7864839756650184315')[0m
  ↳ bin/rails:9
  [1m[35m (23.1ms)[0m  [1m[35mSET NAMES utf8,  @@SESSION.sql_mode = CONCAT(CONCAT(@@sql_mode, ',STRICT_ALL_TABLES'), ',NO_AUTO_VALUE_ON_ZERO'),  @@SESSION.sql_auto_is_null = 0, @@SESSION.wait_timeout = 2147483[0m
  ↳ bin/rails:9
  [1m[35m (0.6ms)[0m  [1m[34mSELECT GET_LOCK('7864839756650184315', 0)[0m
  ↳ bin/rails:9
  [1m[35m (2.0ms)[0m  [1m[34mSELECT `schema_migrations`.`version` FROM `schema_migrations` ORDER BY `schema_migrations`.`version` ASC[0m
  ↳ bin/rails:9
Migrating to CreateEmployees (20220309134108)
  [1m[35m (9.3ms)[0m  [1m[35mCREATE TABLE `employees` (`id` bigint NOT NULL AUTO_INCREMENT PRIMARY KEY, `user_id` varchar(255), `last_name` varchar(255), `first_name` varchar(255), `title` varchar(255), `created_at` datetime NOT NULL, `updated_at` datetime NOT NULL)[0m
  ↳ db/migrate/20220309134108_create_employees.rb:3
  [1m[35m (0.5ms)[0m  [1m[34mSELECT RELEASE_LOCK('7864839756650184315')[0m
  ↳ bin/rails:9
  [1m[35m (3.0ms)[0m  [1m[35mSET NAMES utf8,  @@SESSION.sql_mode = CONCAT(CONCAT(@@sql_mode, ',STRICT_ALL_TABLES'), ',NO_AUTO_VALUE_ON_ZERO'),  @@SESSION.sql_auto_is_null = 0, @@SESSION.wait_timeout = 2147483[0m
  ↳ bin/rails:9
  [1m[35m (1.0ms)[0m  [1m[34mSELECT `schema_migrations`.`version` FROM `schema_migrations` ORDER BY `schema_migrations`.`version` ASC[0m
  ↳ bin/rails:9
  [1m[35m (39.5ms)[0m  [1m[35mSET NAMES utf8,  @@SESSION.sql_mode = CONCAT(CONCAT(@@sql_mode, ',STRICT_ALL_TABLES'), ',NO_AUTO_VALUE_ON_ZERO'),  @@SESSION.sql_auto_is_null = 0, @@SESSION.wait_timeout = 2147483[0m
  ↳ bin/rails:9
  [1m[35m (0.9ms)[0m  [1m[34mSELECT `schema_migrations`.`version` FROM `schema_migrations` ORDER BY `schema_migrations`.`version` ASC[0m
  ↳ bin/rails:9
  [1m[35m (0.8ms)[0m  [1m[34mSELECT `ar_internal_metadata`.`value` FROM `ar_internal_metadata` WHERE `ar_internal_metadata`.`key` = 'environment'[0m
  ↳ bin/rails:9
  [1m[35m (0.3ms)[0m  [1m[34mSELECT `schema_migrations`.`version` FROM `schema_migrations` ORDER BY `schema_migrations`.`version` ASC[0m
  ↳ bin/rails:9
  [1m[35m (0.3ms)[0m  [1m[34mSELECT `ar_internal_metadata`.`value` FROM `ar_internal_metadata` WHERE `ar_internal_metadata`.`key` = 'environment'[0m
  ↳ bin/rails:9
  [1m[35m (0.2ms)[0m  [1m[34mSELECT `schema_migrations`.`version` FROM `schema_migrations` ORDER BY `schema_migrations`.`version` ASC[0m
  ↳ bin/rails:9
  [1m[35m (0.3ms)[0m  [1m[34mSELECT `ar_internal_metadata`.`value` FROM `ar_internal_metadata` WHERE `ar_internal_metadata`.`key` = 'environment'[0m
  ↳ bin/rails:9
  [1m[35m (0.8ms)[0m  [1m[35mSET NAMES utf8,  @@SESSION.sql_mode = CONCAT(CONCAT(@@sql_mode, ',STRICT_ALL_TABLES'), ',NO_AUTO_VALUE_ON_ZERO'),  @@SESSION.sql_auto_is_null = 0, @@SESSION.wait_timeout = 2147483[0m
  ↳ bin/rails:9
  [1m[35m (180.5ms)[0m  [1m[35mDROP DATABASE IF EXISTS `myapp_development`[0m
  ↳ bin/rails:9
  [1m[35m (1.2ms)[0m  [1m[35mSET NAMES utf8,  @@SESSION.sql_mode = CONCAT(CONCAT(@@sql_mode, ',STRICT_ALL_TABLES'), ',NO_AUTO_VALUE_ON_ZERO'),  @@SESSION.sql_auto_is_null = 0, @@SESSION.wait_timeout = 2147483[0m
  ↳ bin/rails:9
  [1m[35m (13.5ms)[0m  [1m[35mDROP DATABASE IF EXISTS `myapp_test`[0m
  ↳ bin/rails:9
  [1m[35m (0.9ms)[0m  [1m[35mSET NAMES utf8,  @@SESSION.sql_mode = CONCAT(CONCAT(@@sql_mode, ',STRICT_ALL_TABLES'), ',NO_AUTO_VALUE_ON_ZERO'),  @@SESSION.sql_auto_is_null = 0, @@SESSION.wait_timeout = 2147483[0m
  ↳ bin/rails:9
  [1m[35m (14.6ms)[0m  [1m[35mCREATE DATABASE `myapp_development` DEFAULT CHARACTER SET `utf8`[0m
  ↳ bin/rails:9
  [1m[35m (1.1ms)[0m  [1m[35mSET NAMES utf8,  @@SESSION.sql_mode = CONCAT(CONCAT(@@sql_mode, ',STRICT_ALL_TABLES'), ',NO_AUTO_VALUE_ON_ZERO'),  @@SESSION.sql_auto_is_null = 0, @@SESSION.wait_timeout = 2147483[0m
  ↳ bin/rails:9
  [1m[35m (11.5ms)[0m  [1m[35mCREATE DATABASE `myapp_test` DEFAULT CHARACTER SET `utf8`[0m
  ↳ bin/rails:9
  [1m[35m (1.3ms)[0m  [1m[35mSET NAMES utf8,  @@SESSION.sql_mode = CONCAT(CONCAT(@@sql_mode, ',STRICT_ALL_TABLES'), ',NO_AUTO_VALUE_ON_ZERO'),  @@SESSION.sql_auto_is_null = 0, @@SESSION.wait_timeout = 2147483[0m
  ↳ db/schema.rb:15
  [1m[35m (9.2ms)[0m  [1m[35mDROP TABLE IF EXISTS `employees` CASCADE[0m
  ↳ db/schema.rb:15
  [1m[35m (57.0ms)[0m  [1m[35mCREATE TABLE `employees` (`id` bigint NOT NULL AUTO_INCREMENT PRIMARY KEY, `user_id` varchar(255), `last_name` varchar(255), `first_name` varchar(255), `title` varchar(255), `created_at` datetime NOT NULL, `updated_at` datetime NOT NULL) ENGINE=InnoDB DEFAULT CHARSET=utf8mb4 COLLATE=utf8mb4_0900_ai_ci[0m
  ↳ db/schema.rb:15
  [1m[35m (4.2ms)[0m  [1m[35mDROP TABLE IF EXISTS `quotes` CASCADE[0m
  ↳ db/schema.rb:24
  [1m[35m (40.5ms)[0m  [1m[35mCREATE TABLE `quotes` (`id` bigint NOT NULL AUTO_INCREMENT PRIMARY KEY, `department` varchar(255), `number_of_floors` varchar(255), `number_of_companies` varchar(255), `number_of_basements` varchar(255), `number_of_parking_spots` varchar(255), `number_of_elevators` varchar(255), `number_of_corporations` varchar(255), `maximum_occupancy` varchar(255), `number_of_apartments` varchar(255), `business_hours` varchar(255), `service_grade` varchar(255), `elevator_amount` varchar(255), `elevator_unit_price` varchar(255), `elevator_total_price` varchar(255), `installation_fees` varchar(255), `final_price` varchar(255), `created_at` datetime NOT NULL, `updated_at` datetime NOT NULL) ENGINE=InnoDB DEFAULT CHARSET=utf8mb4 COLLATE=utf8mb4_0900_ai_ci[0m
  ↳ db/schema.rb:24
  [1m[35m (34.8ms)[0m  [1m[35mCREATE TABLE `schema_migrations` (`version` varchar(255) NOT NULL PRIMARY KEY)[0m
  ↳ db/schema.rb:13
  [1m[35m (3.5ms)[0m  [1m[34mSELECT `schema_migrations`.`version` FROM `schema_migrations` ORDER BY `schema_migrations`.`version` ASC[0m
  ↳ db/schema.rb:13
  [1m[35m (8.0ms)[0m  [1m[32mINSERT INTO `schema_migrations` (version) VALUES (20220308211241)[0m
  ↳ db/schema.rb:13
  [1m[35m (29.7ms)[0m  [1m[35mCREATE TABLE `ar_internal_metadata` (`key` varchar(255) NOT NULL PRIMARY KEY, `value` varchar(255), `created_at` datetime NOT NULL, `updated_at` datetime NOT NULL)[0m
  ↳ db/schema.rb:13
  [1m[36mActiveRecord::InternalMetadata Load (1.7ms)[0m  [1m[34mSELECT  `ar_internal_metadata`.* FROM `ar_internal_metadata` WHERE `ar_internal_metadata`.`key` = 'environment' LIMIT 1[0m
  ↳ db/schema.rb:13
  [1m[35m (0.3ms)[0m  [1m[35mBEGIN[0m
  ↳ db/schema.rb:13
  [1m[36mActiveRecord::InternalMetadata Create (0.7ms)[0m  [1m[32mINSERT INTO `ar_internal_metadata` (`key`, `value`, `created_at`, `updated_at`) VALUES ('environment', 'development', '2022-03-10 14:49:01', '2022-03-10 14:49:01')[0m
  ↳ db/schema.rb:13
  [1m[35m (6.8ms)[0m  [1m[35mCOMMIT[0m
  ↳ db/schema.rb:13
  [1m[36mActiveRecord::InternalMetadata Load (0.4ms)[0m  [1m[34mSELECT  `ar_internal_metadata`.* FROM `ar_internal_metadata` WHERE `ar_internal_metadata`.`key` = 'environment' LIMIT 1[0m
  ↳ bin/rails:9
  [1m[35m (0.4ms)[0m  [1m[35mBEGIN[0m
  ↳ bin/rails:9
  [1m[35m (0.2ms)[0m  [1m[35mCOMMIT[0m
  ↳ bin/rails:9
  [1m[35m (0.7ms)[0m  [1m[35mSET NAMES utf8,  @@SESSION.sql_mode = CONCAT(CONCAT(@@sql_mode, ',STRICT_ALL_TABLES'), ',NO_AUTO_VALUE_ON_ZERO'),  @@SESSION.sql_auto_is_null = 0, @@SESSION.wait_timeout = 2147483[0m
  ↳ db/schema.rb:15
  [1m[35m (7.0ms)[0m  [1m[35mDROP TABLE IF EXISTS `employees` CASCADE[0m
  ↳ db/schema.rb:15
  [1m[35m (41.7ms)[0m  [1m[35mCREATE TABLE `employees` (`id` bigint NOT NULL AUTO_INCREMENT PRIMARY KEY, `user_id` varchar(255), `last_name` varchar(255), `first_name` varchar(255), `title` varchar(255), `created_at` datetime NOT NULL, `updated_at` datetime NOT NULL) ENGINE=InnoDB DEFAULT CHARSET=utf8mb4 COLLATE=utf8mb4_0900_ai_ci[0m
  ↳ db/schema.rb:15
  [1m[35m (4.6ms)[0m  [1m[35mDROP TABLE IF EXISTS `quotes` CASCADE[0m
  ↳ db/schema.rb:24
  [1m[35m (43.6ms)[0m  [1m[35mCREATE TABLE `quotes` (`id` bigint NOT NULL AUTO_INCREMENT PRIMARY KEY, `department` varchar(255), `number_of_floors` varchar(255), `number_of_companies` varchar(255), `number_of_basements` varchar(255), `number_of_parking_spots` varchar(255), `number_of_elevators` varchar(255), `number_of_corporations` varchar(255), `maximum_occupancy` varchar(255), `number_of_apartments` varchar(255), `business_hours` varchar(255), `service_grade` varchar(255), `elevator_amount` varchar(255), `elevator_unit_price` varchar(255), `elevator_total_price` varchar(255), `installation_fees` varchar(255), `final_price` varchar(255), `created_at` datetime NOT NULL, `updated_at` datetime NOT NULL) ENGINE=InnoDB DEFAULT CHARSET=utf8mb4 COLLATE=utf8mb4_0900_ai_ci[0m
  ↳ db/schema.rb:24
  [1m[35m (38.0ms)[0m  [1m[35mCREATE TABLE `schema_migrations` (`version` varchar(255) NOT NULL PRIMARY KEY)[0m
  ↳ db/schema.rb:13
  [1m[35m (1.9ms)[0m  [1m[34mSELECT `schema_migrations`.`version` FROM `schema_migrations` ORDER BY `schema_migrations`.`version` ASC[0m
  ↳ db/schema.rb:13
  [1m[35m (4.7ms)[0m  [1m[32mINSERT INTO `schema_migrations` (version) VALUES (20220308211241)[0m
  ↳ db/schema.rb:13
  [1m[35m (42.4ms)[0m  [1m[35mCREATE TABLE `ar_internal_metadata` (`key` varchar(255) NOT NULL PRIMARY KEY, `value` varchar(255), `created_at` datetime NOT NULL, `updated_at` datetime NOT NULL)[0m
  ↳ db/schema.rb:13
  [1m[36mActiveRecord::InternalMetadata Load (3.8ms)[0m  [1m[34mSELECT  `ar_internal_metadata`.* FROM `ar_internal_metadata` WHERE `ar_internal_metadata`.`key` = 'environment' LIMIT 1[0m
  ↳ db/schema.rb:13
  [1m[35m (0.2ms)[0m  [1m[35mBEGIN[0m
  ↳ db/schema.rb:13
  [1m[36mActiveRecord::InternalMetadata Create (0.5ms)[0m  [1m[32mINSERT INTO `ar_internal_metadata` (`key`, `value`, `created_at`, `updated_at`) VALUES ('environment', 'development', '2022-03-10 14:49:01', '2022-03-10 14:49:01')[0m
  ↳ db/schema.rb:13
  [1m[35m (5.8ms)[0m  [1m[35mCOMMIT[0m
  ↳ db/schema.rb:13
  [1m[36mActiveRecord::InternalMetadata Load (0.4ms)[0m  [1m[34mSELECT  `ar_internal_metadata`.* FROM `ar_internal_metadata` WHERE `ar_internal_metadata`.`key` = 'environment' LIMIT 1[0m
  ↳ bin/rails:9
  [1m[35m (0.2ms)[0m  [1m[35mBEGIN[0m
  ↳ bin/rails:9
  [1m[36mActiveRecord::InternalMetadata Update (2.9ms)[0m  [1m[33mUPDATE `ar_internal_metadata` SET `value` = 'test' WHERE `ar_internal_metadata`.`key` = 'environment'[0m
  ↳ bin/rails:9
  [1m[35m (6.2ms)[0m  [1m[35mCOMMIT[0m
  ↳ bin/rails:9
  [1m[35m (1.0ms)[0m  [1m[35mSET NAMES utf8,  @@SESSION.sql_mode = CONCAT(CONCAT(@@sql_mode, ',STRICT_ALL_TABLES'), ',NO_AUTO_VALUE_ON_ZERO'),  @@SESSION.sql_auto_is_null = 0, @@SESSION.wait_timeout = 2147483[0m
  ↳ bin/rails:9
  [1m[35m (0.4ms)[0m  [1m[34mSELECT `schema_migrations`.`version` FROM `schema_migrations` ORDER BY `schema_migrations`.`version` ASC[0m
  ↳ bin/rails:9
  [1m[35m (1.0ms)[0m  [1m[35mSET NAMES utf8,  @@SESSION.sql_mode = CONCAT(CONCAT(@@sql_mode, ',STRICT_ALL_TABLES'), ',NO_AUTO_VALUE_ON_ZERO'),  @@SESSION.sql_auto_is_null = 0, @@SESSION.wait_timeout = 2147483[0m
  ↳ bin/rails:9
  [1m[35m (0.4ms)[0m  [1m[34mSELECT GET_LOCK('7864839756650184315', 0)[0m
  ↳ bin/rails:9
  [1m[35m (1.0ms)[0m  [1m[34mSELECT `schema_migrations`.`version` FROM `schema_migrations` ORDER BY `schema_migrations`.`version` ASC[0m
  ↳ bin/rails:9
Migrating to CreateEmployees (20220309134108)
  [1m[35m (6.0ms)[0m  [1m[35mCREATE TABLE `employees` (`id` bigint NOT NULL AUTO_INCREMENT PRIMARY KEY, `user_id` varchar(255), `last_name` varchar(255), `first_name` varchar(255), `title` varchar(255), `created_at` datetime NOT NULL, `updated_at` datetime NOT NULL)[0m
  ↳ db/migrate/20220309134108_create_employees.rb:3
  [1m[35m (0.5ms)[0m  [1m[34mSELECT RELEASE_LOCK('7864839756650184315')[0m
  ↳ bin/rails:9
  [1m[35m (6.2ms)[0m  [1m[35mSET NAMES utf8,  @@SESSION.sql_mode = CONCAT(CONCAT(@@sql_mode, ',STRICT_ALL_TABLES'), ',NO_AUTO_VALUE_ON_ZERO'),  @@SESSION.sql_auto_is_null = 0, @@SESSION.wait_timeout = 2147483[0m
  ↳ /home/mdamico/.rbenv/versions/2.7.5/bin/rake:23
  [1m[35m (1.0ms)[0m  [1m[34mSELECT `schema_migrations`.`version` FROM `schema_migrations` ORDER BY `schema_migrations`.`version` ASC[0m
  ↳ /home/mdamico/.rbenv/versions/2.7.5/bin/rake:23
  [1m[35m (1.2ms)[0m  [1m[34mSELECT `ar_internal_metadata`.`value` FROM `ar_internal_metadata` WHERE `ar_internal_metadata`.`key` = 'environment'[0m
  ↳ /home/mdamico/.rbenv/versions/2.7.5/bin/rake:23
  [1m[35m (0.4ms)[0m  [1m[34mSELECT `schema_migrations`.`version` FROM `schema_migrations` ORDER BY `schema_migrations`.`version` ASC[0m
  ↳ /home/mdamico/.rbenv/versions/2.7.5/bin/rake:23
  [1m[35m (0.3ms)[0m  [1m[34mSELECT `ar_internal_metadata`.`value` FROM `ar_internal_metadata` WHERE `ar_internal_metadata`.`key` = 'environment'[0m
  ↳ /home/mdamico/.rbenv/versions/2.7.5/bin/rake:23
  [1m[35m (0.3ms)[0m  [1m[34mSELECT `schema_migrations`.`version` FROM `schema_migrations` ORDER BY `schema_migrations`.`version` ASC[0m
  ↳ /home/mdamico/.rbenv/versions/2.7.5/bin/rake:23
  [1m[35m (0.3ms)[0m  [1m[34mSELECT `ar_internal_metadata`.`value` FROM `ar_internal_metadata` WHERE `ar_internal_metadata`.`key` = 'environment'[0m
  ↳ /home/mdamico/.rbenv/versions/2.7.5/bin/rake:23
  [1m[35m (0.9ms)[0m  [1m[35mSET NAMES utf8,  @@SESSION.sql_mode = CONCAT(CONCAT(@@sql_mode, ',STRICT_ALL_TABLES'), ',NO_AUTO_VALUE_ON_ZERO'),  @@SESSION.sql_auto_is_null = 0, @@SESSION.wait_timeout = 2147483[0m
  ↳ /home/mdamico/.rbenv/versions/2.7.5/bin/rake:23
  [1m[35m (84.5ms)[0m  [1m[35mDROP DATABASE IF EXISTS `myapp_development`[0m
  ↳ /home/mdamico/.rbenv/versions/2.7.5/bin/rake:23
  [1m[35m (1.4ms)[0m  [1m[35mSET NAMES utf8,  @@SESSION.sql_mode = CONCAT(CONCAT(@@sql_mode, ',STRICT_ALL_TABLES'), ',NO_AUTO_VALUE_ON_ZERO'),  @@SESSION.sql_auto_is_null = 0, @@SESSION.wait_timeout = 2147483[0m
  ↳ /home/mdamico/.rbenv/versions/2.7.5/bin/rake:23
  [1m[35m (71.9ms)[0m  [1m[35mDROP DATABASE IF EXISTS `myapp_test`[0m
  ↳ /home/mdamico/.rbenv/versions/2.7.5/bin/rake:23
  [1m[35m (1.1ms)[0m  [1m[35mSET NAMES utf8,  @@SESSION.sql_mode = CONCAT(CONCAT(@@sql_mode, ',STRICT_ALL_TABLES'), ',NO_AUTO_VALUE_ON_ZERO'),  @@SESSION.sql_auto_is_null = 0, @@SESSION.wait_timeout = 2147483[0m
  ↳ /home/mdamico/.rbenv/versions/2.7.5/bin/rake:23
  [1m[35m (13.6ms)[0m  [1m[35mCREATE DATABASE `myapp_development` DEFAULT CHARACTER SET `utf8`[0m
  ↳ /home/mdamico/.rbenv/versions/2.7.5/bin/rake:23
  [1m[35m (1.6ms)[0m  [1m[35mSET NAMES utf8,  @@SESSION.sql_mode = CONCAT(CONCAT(@@sql_mode, ',STRICT_ALL_TABLES'), ',NO_AUTO_VALUE_ON_ZERO'),  @@SESSION.sql_auto_is_null = 0, @@SESSION.wait_timeout = 2147483[0m
  ↳ /home/mdamico/.rbenv/versions/2.7.5/bin/rake:23
  [1m[35m (11.3ms)[0m  [1m[35mCREATE DATABASE `myapp_test` DEFAULT CHARACTER SET `utf8`[0m
  ↳ /home/mdamico/.rbenv/versions/2.7.5/bin/rake:23
  [1m[35m (1.9ms)[0m  [1m[35mSET NAMES utf8,  @@SESSION.sql_mode = CONCAT(CONCAT(@@sql_mode, ',STRICT_ALL_TABLES'), ',NO_AUTO_VALUE_ON_ZERO'),  @@SESSION.sql_auto_is_null = 0, @@SESSION.wait_timeout = 2147483[0m
  ↳ db/schema.rb:15
  [1m[35m (14.5ms)[0m  [1m[35mDROP TABLE IF EXISTS `employees` CASCADE[0m
  ↳ db/schema.rb:15
  [1m[35m (68.0ms)[0m  [1m[35mCREATE TABLE `employees` (`id` bigint NOT NULL AUTO_INCREMENT PRIMARY KEY, `user_id` varchar(255), `last_name` varchar(255), `first_name` varchar(255), `title` varchar(255), `created_at` datetime NOT NULL, `updated_at` datetime NOT NULL) ENGINE=InnoDB DEFAULT CHARSET=utf8mb4 COLLATE=utf8mb4_0900_ai_ci[0m
  ↳ db/schema.rb:15
  [1m[35m (4.5ms)[0m  [1m[35mDROP TABLE IF EXISTS `quotes` CASCADE[0m
  ↳ db/schema.rb:24
  [1m[35m (64.5ms)[0m  [1m[35mCREATE TABLE `quotes` (`id` bigint NOT NULL AUTO_INCREMENT PRIMARY KEY, `department` varchar(255), `number_of_floors` varchar(255), `number_of_companies` varchar(255), `number_of_basements` varchar(255), `number_of_parking_spots` varchar(255), `number_of_elevators` varchar(255), `number_of_corporations` varchar(255), `maximum_occupancy` varchar(255), `number_of_apartments` varchar(255), `business_hours` varchar(255), `service_grade` varchar(255), `elevator_amount` varchar(255), `elevator_unit_price` varchar(255), `elevator_total_price` varchar(255), `installation_fees` varchar(255), `final_price` varchar(255), `created_at` datetime NOT NULL, `updated_at` datetime NOT NULL) ENGINE=InnoDB DEFAULT CHARSET=utf8mb4 COLLATE=utf8mb4_0900_ai_ci[0m
  ↳ db/schema.rb:24
  [1m[35m (42.0ms)[0m  [1m[35mCREATE TABLE `schema_migrations` (`version` varchar(255) NOT NULL PRIMARY KEY)[0m
  ↳ db/schema.rb:13
  [1m[35m (2.7ms)[0m  [1m[34mSELECT `schema_migrations`.`version` FROM `schema_migrations` ORDER BY `schema_migrations`.`version` ASC[0m
  ↳ db/schema.rb:13
  [1m[35m (8.8ms)[0m  [1m[32mINSERT INTO `schema_migrations` (version) VALUES (20220308211241)[0m
  ↳ db/schema.rb:13
  [1m[35m (39.5ms)[0m  [1m[35mCREATE TABLE `ar_internal_metadata` (`key` varchar(255) NOT NULL PRIMARY KEY, `value` varchar(255), `created_at` datetime NOT NULL, `updated_at` datetime NOT NULL)[0m
  ↳ db/schema.rb:13
  [1m[36mActiveRecord::InternalMetadata Load (1.7ms)[0m  [1m[34mSELECT  `ar_internal_metadata`.* FROM `ar_internal_metadata` WHERE `ar_internal_metadata`.`key` = 'environment' LIMIT 1[0m
  ↳ db/schema.rb:13
  [1m[35m (0.4ms)[0m  [1m[35mBEGIN[0m
  ↳ db/schema.rb:13
  [1m[36mActiveRecord::InternalMetadata Create (1.4ms)[0m  [1m[32mINSERT INTO `ar_internal_metadata` (`key`, `value`, `created_at`, `updated_at`) VALUES ('environment', 'development', '2022-03-10 15:03:03', '2022-03-10 15:03:03')[0m
  ↳ db/schema.rb:13
  [1m[35m (7.0ms)[0m  [1m[35mCOMMIT[0m
  ↳ db/schema.rb:13
  [1m[36mActiveRecord::InternalMetadata Load (0.7ms)[0m  [1m[34mSELECT  `ar_internal_metadata`.* FROM `ar_internal_metadata` WHERE `ar_internal_metadata`.`key` = 'environment' LIMIT 1[0m
  ↳ /home/mdamico/.rbenv/versions/2.7.5/bin/rake:23
  [1m[35m (0.3ms)[0m  [1m[35mBEGIN[0m
  ↳ /home/mdamico/.rbenv/versions/2.7.5/bin/rake:23
  [1m[35m (0.4ms)[0m  [1m[35mCOMMIT[0m
  ↳ /home/mdamico/.rbenv/versions/2.7.5/bin/rake:23
  [1m[35m (2.1ms)[0m  [1m[35mSET NAMES utf8,  @@SESSION.sql_mode = CONCAT(CONCAT(@@sql_mode, ',STRICT_ALL_TABLES'), ',NO_AUTO_VALUE_ON_ZERO'),  @@SESSION.sql_auto_is_null = 0, @@SESSION.wait_timeout = 2147483[0m
  ↳ db/schema.rb:15
  [1m[35m (8.2ms)[0m  [1m[35mDROP TABLE IF EXISTS `employees` CASCADE[0m
  ↳ db/schema.rb:15
  [1m[35m (52.6ms)[0m  [1m[35mCREATE TABLE `employees` (`id` bigint NOT NULL AUTO_INCREMENT PRIMARY KEY, `user_id` varchar(255), `last_name` varchar(255), `first_name` varchar(255), `title` varchar(255), `created_at` datetime NOT NULL, `updated_at` datetime NOT NULL) ENGINE=InnoDB DEFAULT CHARSET=utf8mb4 COLLATE=utf8mb4_0900_ai_ci[0m
  ↳ db/schema.rb:15
  [1m[35m (5.3ms)[0m  [1m[35mDROP TABLE IF EXISTS `quotes` CASCADE[0m
  ↳ db/schema.rb:24
  [1m[35m (54.4ms)[0m  [1m[35mCREATE TABLE `quotes` (`id` bigint NOT NULL AUTO_INCREMENT PRIMARY KEY, `department` varchar(255), `number_of_floors` varchar(255), `number_of_companies` varchar(255), `number_of_basements` varchar(255), `number_of_parking_spots` varchar(255), `number_of_elevators` varchar(255), `number_of_corporations` varchar(255), `maximum_occupancy` varchar(255), `number_of_apartments` varchar(255), `business_hours` varchar(255), `service_grade` varchar(255), `elevator_amount` varchar(255), `elevator_unit_price` varchar(255), `elevator_total_price` varchar(255), `installation_fees` varchar(255), `final_price` varchar(255), `created_at` datetime NOT NULL, `updated_at` datetime NOT NULL) ENGINE=InnoDB DEFAULT CHARSET=utf8mb4 COLLATE=utf8mb4_0900_ai_ci[0m
  ↳ db/schema.rb:24
  [1m[35m (41.2ms)[0m  [1m[35mCREATE TABLE `schema_migrations` (`version` varchar(255) NOT NULL PRIMARY KEY)[0m
  ↳ db/schema.rb:13
  [1m[35m (1.6ms)[0m  [1m[34mSELECT `schema_migrations`.`version` FROM `schema_migrations` ORDER BY `schema_migrations`.`version` ASC[0m
  ↳ db/schema.rb:13
  [1m[35m (6.1ms)[0m  [1m[32mINSERT INTO `schema_migrations` (version) VALUES (20220308211241)[0m
  ↳ db/schema.rb:13
  [1m[35m (31.7ms)[0m  [1m[35mCREATE TABLE `ar_internal_metadata` (`key` varchar(255) NOT NULL PRIMARY KEY, `value` varchar(255), `created_at` datetime NOT NULL, `updated_at` datetime NOT NULL)[0m
  ↳ db/schema.rb:13
  [1m[36mActiveRecord::InternalMetadata Load (1.9ms)[0m  [1m[34mSELECT  `ar_internal_metadata`.* FROM `ar_internal_metadata` WHERE `ar_internal_metadata`.`key` = 'environment' LIMIT 1[0m
  ↳ db/schema.rb:13
  [1m[35m (0.4ms)[0m  [1m[35mBEGIN[0m
  ↳ db/schema.rb:13
  [1m[36mActiveRecord::InternalMetadata Create (0.7ms)[0m  [1m[32mINSERT INTO `ar_internal_metadata` (`key`, `value`, `created_at`, `updated_at`) VALUES ('environment', 'development', '2022-03-10 15:03:03', '2022-03-10 15:03:03')[0m
  ↳ db/schema.rb:13
  [1m[35m (6.1ms)[0m  [1m[35mCOMMIT[0m
  ↳ db/schema.rb:13
  [1m[36mActiveRecord::InternalMetadata Load (0.6ms)[0m  [1m[34mSELECT  `ar_internal_metadata`.* FROM `ar_internal_metadata` WHERE `ar_internal_metadata`.`key` = 'environment' LIMIT 1[0m
  ↳ /home/mdamico/.rbenv/versions/2.7.5/bin/rake:23
  [1m[35m (0.2ms)[0m  [1m[35mBEGIN[0m
  ↳ /home/mdamico/.rbenv/versions/2.7.5/bin/rake:23
  [1m[36mActiveRecord::InternalMetadata Update (0.7ms)[0m  [1m[33mUPDATE `ar_internal_metadata` SET `value` = 'test' WHERE `ar_internal_metadata`.`key` = 'environment'[0m
  ↳ /home/mdamico/.rbenv/versions/2.7.5/bin/rake:23
  [1m[35m (6.0ms)[0m  [1m[35mCOMMIT[0m
  ↳ /home/mdamico/.rbenv/versions/2.7.5/bin/rake:23
  [1m[35m (1.2ms)[0m  [1m[35mSET NAMES utf8,  @@SESSION.sql_mode = CONCAT(CONCAT(@@sql_mode, ',STRICT_ALL_TABLES'), ',NO_AUTO_VALUE_ON_ZERO'),  @@SESSION.sql_auto_is_null = 0, @@SESSION.wait_timeout = 2147483[0m
  ↳ /home/mdamico/.rbenv/versions/2.7.5/bin/rake:23
  [1m[35m (0.4ms)[0m  [1m[34mSELECT `schema_migrations`.`version` FROM `schema_migrations` ORDER BY `schema_migrations`.`version` ASC[0m
  ↳ /home/mdamico/.rbenv/versions/2.7.5/bin/rake:23
Started GET "/" for ::1 at 2022-03-10 10:36:51 -0500
  [1m[35m (0.4ms)[0m  [1m[35mSET NAMES utf8,  @@SESSION.sql_mode = CONCAT(CONCAT(@@sql_mode, ',STRICT_ALL_TABLES'), ',NO_AUTO_VALUE_ON_ZERO'),  @@SESSION.sql_auto_is_null = 0, @@SESSION.wait_timeout = 2147483[0m
  ↳ /home/widowslace/.rbenv/versions/2.7.5/lib/ruby/gems/2.7.0/gems/activerecord-5.2.6.2/lib/active_record/log_subscriber.rb:98
  [1m[35m (0.2ms)[0m  [1m[34mSELECT `schema_migrations`.`version` FROM `schema_migrations` ORDER BY `schema_migrations`.`version` ASC[0m
  ↳ /home/widowslace/.rbenv/versions/2.7.5/lib/ruby/gems/2.7.0/gems/activerecord-5.2.6.2/lib/active_record/log_subscriber.rb:98
  
ActiveRecord::PendingMigrationError (

Migrations are pending. To resolve this issue, run:

        bin/rails db:migrate RAILS_ENV=development

):
  
activerecord (5.2.6.2) lib/active_record/migration.rb:579:in `check_pending!'
activerecord (5.2.6.2) lib/active_record/migration.rb:556:in `call'
actionpack (5.2.6.2) lib/action_dispatch/middleware/callbacks.rb:28:in `block in call'
activesupport (5.2.6.2) lib/active_support/callbacks.rb:98:in `run_callbacks'
actionpack (5.2.6.2) lib/action_dispatch/middleware/callbacks.rb:26:in `call'
actionpack (5.2.6.2) lib/action_dispatch/middleware/executor.rb:14:in `call'
actionpack (5.2.6.2) lib/action_dispatch/middleware/debug_exceptions.rb:61:in `call'
web-console (3.7.0) lib/web_console/middleware.rb:135:in `call_app'
web-console (3.7.0) lib/web_console/middleware.rb:30:in `block in call'
web-console (3.7.0) lib/web_console/middleware.rb:20:in `catch'
web-console (3.7.0) lib/web_console/middleware.rb:20:in `call'
actionpack (5.2.6.2) lib/action_dispatch/middleware/show_exceptions.rb:33:in `call'
railties (5.2.6.2) lib/rails/rack/logger.rb:38:in `call_app'
railties (5.2.6.2) lib/rails/rack/logger.rb:26:in `block in call'
activesupport (5.2.6.2) lib/active_support/tagged_logging.rb:71:in `block in tagged'
activesupport (5.2.6.2) lib/active_support/tagged_logging.rb:28:in `tagged'
activesupport (5.2.6.2) lib/active_support/tagged_logging.rb:71:in `tagged'
railties (5.2.6.2) lib/rails/rack/logger.rb:26:in `call'
sprockets-rails (3.4.2) lib/sprockets/rails/quiet_assets.rb:13:in `call'
actionpack (5.2.6.2) lib/action_dispatch/middleware/remote_ip.rb:81:in `call'
actionpack (5.2.6.2) lib/action_dispatch/middleware/request_id.rb:27:in `call'
rack (2.2.3) lib/rack/method_override.rb:24:in `call'
rack (2.2.3) lib/rack/runtime.rb:22:in `call'
activesupport (5.2.6.2) lib/active_support/cache/strategy/local_cache_middleware.rb:29:in `call'
actionpack (5.2.6.2) lib/action_dispatch/middleware/executor.rb:14:in `call'
actionpack (5.2.6.2) lib/action_dispatch/middleware/static.rb:127:in `call'
rack (2.2.3) lib/rack/sendfile.rb:110:in `call'
railties (5.2.6.2) lib/rails/engine.rb:524:in `call'
puma (3.12.6) lib/puma/configuration.rb:227:in `call'
puma (3.12.6) lib/puma/server.rb:706:in `handle_request'
puma (3.12.6) lib/puma/server.rb:476:in `process_client'
puma (3.12.6) lib/puma/server.rb:334:in `block in run'
puma (3.12.6) lib/puma/thread_pool.rb:135:in `block in spawn_thread'
  [1m[35m (0.5ms)[0m  [1m[35mSET NAMES utf8,  @@SESSION.sql_mode = CONCAT(CONCAT(@@sql_mode, ',STRICT_ALL_TABLES'), ',NO_AUTO_VALUE_ON_ZERO'),  @@SESSION.sql_auto_is_null = 0, @@SESSION.wait_timeout = 2147483[0m
  ↳ bin/rails:9
  [1m[35m (0.2ms)[0m  [1m[34mSELECT GET_LOCK('7864839756650184315', 0)[0m
  ↳ bin/rails:9
  [1m[35m (0.3ms)[0m  [1m[34mSELECT `schema_migrations`.`version` FROM `schema_migrations` ORDER BY `schema_migrations`.`version` ASC[0m
  ↳ bin/rails:9
Migrating to CreateEmployees (20220309134108)
  [1m[35m (83.5ms)[0m  [1m[35mCREATE TABLE `employees` (`id` bigint NOT NULL AUTO_INCREMENT PRIMARY KEY, `user_id` varchar(255), `last_name` varchar(255), `first_name` varchar(255), `title` varchar(255), `created_at` datetime NOT NULL, `updated_at` datetime NOT NULL)[0m
  ↳ db/migrate/20220309134108_create_employees.rb:3
  [1m[35m (0.1ms)[0m  [1m[35mBEGIN[0m
  ↳ bin/rails:9
  [1m[36mActiveRecord::SchemaMigration Create (0.2ms)[0m  [1m[32mINSERT INTO `schema_migrations` (`version`) VALUES ('20220309134108')[0m
  ↳ bin/rails:9
  [1m[35m (10.7ms)[0m  [1m[35mCOMMIT[0m
  ↳ bin/rails:9
Migrating to CreateQuotes (20220309134128)
  [1m[35m (77.6ms)[0m  [1m[35mCREATE TABLE `quotes` (`id` bigint NOT NULL AUTO_INCREMENT PRIMARY KEY, `department` varchar(255), `number_of_floors` varchar(255), `number_of_companies` varchar(255), `number_of_basements` varchar(255), `number_of_parking_spots` varchar(255), `number_of_elevators` varchar(255), `number_of_corporations` varchar(255), `maximum_occupancy` varchar(255), `number_of_apartments` varchar(255), `business_hours` varchar(255), `service_grade` varchar(255), `elevator_amount` varchar(255), `elevator_unit_price` varchar(255), `elevator_total_price` varchar(255), `installation_fees` varchar(255), `final_price` varchar(255), `created_at` datetime NOT NULL, `updated_at` datetime NOT NULL)[0m
  ↳ db/migrate/20220309134128_create_quotes.rb:3
  [1m[35m (0.2ms)[0m  [1m[35mBEGIN[0m
  ↳ bin/rails:9
  [1m[36mActiveRecord::SchemaMigration Create (0.3ms)[0m  [1m[32mINSERT INTO `schema_migrations` (`version`) VALUES ('20220309134128')[0m
  ↳ bin/rails:9
  [1m[35m (13.5ms)[0m  [1m[35mCOMMIT[0m
  ↳ bin/rails:9
  [1m[36mActiveRecord::InternalMetadata Load (0.6ms)[0m  [1m[34mSELECT  `ar_internal_metadata`.* FROM `ar_internal_metadata` WHERE `ar_internal_metadata`.`key` = 'environment' LIMIT 1[0m
  ↳ bin/rails:9
  [1m[35m (0.1ms)[0m  [1m[35mBEGIN[0m
  ↳ bin/rails:9
  [1m[35m (0.2ms)[0m  [1m[35mCOMMIT[0m
  ↳ bin/rails:9
  [1m[35m (0.2ms)[0m  [1m[34mSELECT RELEASE_LOCK('7864839756650184315')[0m
  ↳ bin/rails:9
  [1m[35m (0.3ms)[0m  [1m[34mSELECT `schema_migrations`.`version` FROM `schema_migrations` ORDER BY `schema_migrations`.`version` ASC[0m
  ↳ bin/rails:9
Started GET "/" for ::1 at 2022-03-10 10:38:34 -0500
  [1m[35m (0.2ms)[0m  [1m[35mSET NAMES utf8,  @@SESSION.sql_mode = CONCAT(CONCAT(@@sql_mode, ',STRICT_ALL_TABLES'), ',NO_AUTO_VALUE_ON_ZERO'),  @@SESSION.sql_auto_is_null = 0, @@SESSION.wait_timeout = 2147483[0m
  ↳ /home/widowslace/.rbenv/versions/2.7.5/lib/ruby/gems/2.7.0/gems/activerecord-5.2.6.2/lib/active_record/log_subscriber.rb:98
  [1m[35m (0.3ms)[0m  [1m[34mSELECT `schema_migrations`.`version` FROM `schema_migrations` ORDER BY `schema_migrations`.`version` ASC[0m
  ↳ /home/widowslace/.rbenv/versions/2.7.5/lib/ruby/gems/2.7.0/gems/activerecord-5.2.6.2/lib/active_record/log_subscriber.rb:98
Processing by WelcomeController#index as HTML
  Rendering welcome/index.html.erb within layouts/application
  Rendered welcome/index.html.erb within layouts/application (1.5ms)
Completed 200 OK in 165ms (Views: 160.1ms | ActiveRecord: 0.0ms)


Started GET "/sign_up" for ::1 at 2022-03-10 10:38:36 -0500
Processing by RegistrationsController#new as HTML
  Rendering registrations/new.html.erb within layouts/application
  Rendered registrations/new.html.erb within layouts/application (4.4ms)
Completed 200 OK in 18ms (Views: 7.9ms | ActiveRecord: 3.5ms)


Started GET "/sign_in" for ::1 at 2022-03-10 10:38:37 -0500
Processing by SessionsController#new as HTML
  Rendering sessions/new.html.erb within layouts/application
  Rendered sessions/new.html.erb within layouts/application (1.4ms)
Completed 200 OK in 8ms (Views: 6.6ms | ActiveRecord: 0.0ms)


